Using pre-set license
Built from '2020.3/staging' branch; Version is '2020.3.19f1 (68f137dc9bbe) revision 6877495'; Using compiler version '192528614'; Build Type 'Release'
OS: 'Windows 10 Pro; OS build 19045.2486; Version 2009; 64bit' Language: 'es' Physical Memory: 24524 MB
BatchMode: 1, IsHumanControllingUs: 0, StartBugReporterOnCrash: 0, Is64bit: 1, IsPro: 0

COMMAND LINE ARGUMENTS:
D:\Unity\Editor\Unity.exe
-adb2
-batchMode
-noUpm
-name
AssetImportWorker0
-projectPath
C:/Users/ivanl/Desktop/Repos/Unity/Practica 3
-logFile
Logs/AssetImportWorker0.log
-srvPort
49622
Successfully changed project path to: C:/Users/ivanl/Desktop/Repos/Unity/Practica 3
C:/Users/ivanl/Desktop/Repos/Unity/Practica 3
Using Asset Import Pipeline V2.
Refreshing native plugins compatible for Editor in 65.88 ms, found 3 plugins.
Preloading 0 native plugins for Editor in 0.00 ms.
Initialize engine version: 2020.3.19f1 (68f137dc9bbe)
[Subsystems] Discovering subsystems at path D:/Unity/Editor/Data/Resources/UnitySubsystems
[Subsystems] Discovering subsystems at path C:/Users/ivanl/Desktop/Repos/Unity/Practica 3/Assets
GfxDevice: creating device client; threaded=0
Direct3D:
    Version:  Direct3D 11.0 [level 11.1]
    Renderer: NVIDIA GeForce GTX 1050 Ti (ID=0x1c82)
    Vendor:   
    VRAM:     4019 MB
    Driver:   31.0.15.1694
Initialize mono
Mono path[0] = 'D:/Unity/Editor/Data/Managed'
Mono path[1] = 'D:/Unity/Editor/Data/MonoBleedingEdge/lib/mono/unityjit'
Mono config path = 'D:/Unity/Editor/Data/MonoBleedingEdge/etc'
Using monoOptions --debugger-agent=transport=dt_socket,embedding=1,server=y,suspend=n,address=127.0.0.1:56544
Begin MonoManager ReloadAssembly
Registering precompiled unity dll's ...
Register platform support module: D:/Unity/Editor/Data/PlaybackEngines/WindowsStandaloneSupport/UnityEditor.WindowsStandalone.Extensions.dll
Registered in 0.001218 seconds.
Native extension for WindowsStandalone target not found
Refreshing native plugins compatible for Editor in 60.02 ms, found 3 plugins.
Preloading 0 native plugins for Editor in 0.00 ms.
Mono: successfully reloaded assembly
- Completed reload, in  1.018 seconds
Domain Reload Profiling:
	ReloadAssembly (1018ms)
		BeginReloadAssembly (67ms)
			ExecutionOrderSort (0ms)
			DisableScriptedObjects (0ms)
			BackupInstance (0ms)
			ReleaseScriptingObjects (0ms)
			CreateAndSetChildDomain (1ms)
		EndReloadAssembly (461ms)
			LoadAssemblies (67ms)
			RebuildTransferFunctionScriptingTraits (0ms)
			SetupTypeCache (161ms)
			ReleaseScriptCaches (0ms)
			RebuildScriptCaches (31ms)
			SetupLoadedEditorAssemblies (195ms)
				LogAssemblyErrors (0ms)
				InitializePlatformSupportModulesInManaged (4ms)
				SetLoadedEditorAssemblies (0ms)
				RefreshPlugins (60ms)
				BeforeProcessingInitializeOnLoad (17ms)
				ProcessInitializeOnLoadAttributes (83ms)
				ProcessInitializeOnLoadMethodAttributes (30ms)
				AfterProcessingInitializeOnLoad (0ms)
				EditorAssembliesLoaded (0ms)
			ExecutionOrderSort2 (0ms)
			AwakeInstancesAfterBackupRestoration (0ms)
Platform modules already initialized, skipping
Registering precompiled user dll's ...
Registered in 0.004196 seconds.
Begin MonoManager ReloadAssembly
Native extension for WindowsStandalone target not found
Refreshing native plugins compatible for Editor in 58.08 ms, found 3 plugins.
Preloading 0 native plugins for Editor in 0.00 ms.
Mono: successfully reloaded assembly
- Completed reload, in  1.163 seconds
Domain Reload Profiling:
	ReloadAssembly (1164ms)
		BeginReloadAssembly (147ms)
			ExecutionOrderSort (0ms)
			DisableScriptedObjects (5ms)
			BackupInstance (0ms)
			ReleaseScriptingObjects (0ms)
			CreateAndSetChildDomain (19ms)
		EndReloadAssembly (951ms)
			LoadAssemblies (96ms)
			RebuildTransferFunctionScriptingTraits (0ms)
			SetupTypeCache (310ms)
			ReleaseScriptCaches (1ms)
			RebuildScriptCaches (47ms)
			SetupLoadedEditorAssemblies (368ms)
				LogAssemblyErrors (0ms)
				InitializePlatformSupportModulesInManaged (4ms)
				SetLoadedEditorAssemblies (0ms)
				RefreshPlugins (58ms)
				BeforeProcessingInitializeOnLoad (81ms)
				ProcessInitializeOnLoadAttributes (208ms)
				ProcessInitializeOnLoadMethodAttributes (13ms)
				AfterProcessingInitializeOnLoad (3ms)
				EditorAssembliesLoaded (0ms)
			ExecutionOrderSort2 (0ms)
			AwakeInstancesAfterBackupRestoration (7ms)
Platform modules already initialized, skipping
========================================================================
Worker process is ready to serve import requests
Launched and connected shader compiler UnityShaderCompiler.exe after 0.04 seconds
Refreshing native plugins compatible for Editor in 0.62 ms, found 3 plugins.
Preloading 0 native plugins for Editor in 0.00 ms.
Unloading 2094 Unused Serialized files (Serialized files now loaded: 0)
System memory in use before: 93.3 MB.
System memory in use after: 93.4 MB.

Unloading 26 unused Assets to reduce memory usage. Loaded Objects now: 2536.
Total: 3.210700 ms (FindLiveObjects: 0.313200 ms CreateObjectMapping: 0.047900 ms MarkObjects: 2.776800 ms  DeleteObjects: 0.070900 ms)

AssetImportParameters requested are different than current active one (requested -> active):
  custom:framework-win-MediaFoundation: 216162199b28c13a410421893ffa2e32 -> 
  custom:video-decoder-ogg-theora: a1e56fd34408186e4bbccfd4996cb3dc -> 
  custom:container-muxer-webm: aa71ff27fc2769a1b78a27578f13a17b -> 
  custom:container-demuxer-webm: 4f35f7cbe854078d1ac9338744f61a02 -> 
  custom:container-demuxer-ogg: 62fdf1f143b41e24485cea50d1cbac27 -> 
  custom:video-encoder-webm-vp8: eb34c28f22e8b96e1ab97ce403110664 -> 
  custom:video-codec-MediaFoundation-h265: 746d11721c4dcdbdad8f713fa42b33f4 -> 
  custom:video-decoder-webm-vp8: 9c59270c3fd7afecdb556c50c9e8de78 -> 
  custom:audio-decoder-ogg-vorbis: bf7c407c2cedff20999df2af8eb42d56 -> 
  custom:audio-encoder-webm-vorbis: bf7c407c2cedff20999df2af8eb42d56 -> 
========================================================================
Received Import Request.
  path: Assets/OptimusPrinceps.ttf
  artifactKey: Guid(a14a423da62137148aa2e2305f28a921) Importer(815301076,1909f56bfc062723c751e8b465ee728b)
Start importing Assets/OptimusPrinceps.ttf using Guid(a14a423da62137148aa2e2305f28a921) Importer(815301076,1909f56bfc062723c751e8b465ee728b)  -> (artifact id: 'ac5a90789081e59b85e43b48ba122396') in 0.266693 seconds 
  Import took 0.269916 seconds .

========================================================================
Received Import Request.
  Time since last request: 19.751549 seconds.
  path: Assets/Animations
  artifactKey: Guid(6d5a72376ade0c5468e23f7e9e93dc99) Importer(815301076,1909f56bfc062723c751e8b465ee728b)
Start importing Assets/Animations using Guid(6d5a72376ade0c5468e23f7e9e93dc99) Importer(815301076,1909f56bfc062723c751e8b465ee728b)  -> (artifact id: '7867077b6bbe322278946d0257cb32dd') in 0.006577 seconds 
  Import took 0.009815 seconds .

========================================================================
Received Import Request.
  Time since last request: 2.553405 seconds.
  path: Assets/Animations/New Animation.anim
  artifactKey: Guid(4df8f0b4a3ef2d1438b78ef7d3234d2f) Importer(815301076,1909f56bfc062723c751e8b465ee728b)
Start importing Assets/Animations/New Animation.anim using Guid(4df8f0b4a3ef2d1438b78ef7d3234d2f) Importer(815301076,1909f56bfc062723c751e8b465ee728b)  -> (artifact id: '81c249577ec88500f0d3af80740450a5') in 0.009719 seconds 
  Import took 0.012928 seconds .

========================================================================
Received Import Request.
  Time since last request: 3.243103 seconds.
  path: Assets/Animations/Soul Pickup.controller
  artifactKey: Guid(4cc672f8088a3244691279b7ad776fe5) Importer(815301076,1909f56bfc062723c751e8b465ee728b)
Start importing Assets/Animations/Soul Pickup.controller using Guid(4cc672f8088a3244691279b7ad776fe5) Importer(815301076,1909f56bfc062723c751e8b465ee728b)  -> (artifact id: '5d1d283d837dd149689c0f0d76389077') in 0.011817 seconds 
  Import took 0.015061 seconds .

========================================================================
Received Import Request.
  Time since last request: 2.946734 seconds.
  path: Assets/Pickups
  artifactKey: Guid(e1dc24978ae91d84fad1ece6cff84caf) Importer(815301076,1909f56bfc062723c751e8b465ee728b)
Start importing Assets/Pickups using Guid(e1dc24978ae91d84fad1ece6cff84caf) Importer(815301076,1909f56bfc062723c751e8b465ee728b)  -> (artifact id: 'f689dfd43891a6adef6ae3ec33ebfed0') in 0.006328 seconds 
  Import took 0.009914 seconds .

========================================================================
Received Import Request.
  Time since last request: 0.325786 seconds.
  path: Assets/Prefabs
  artifactKey: Guid(771241f1d67344643b77e4264ae38535) Importer(815301076,1909f56bfc062723c751e8b465ee728b)
Start importing Assets/Prefabs using Guid(771241f1d67344643b77e4264ae38535) Importer(815301076,1909f56bfc062723c751e8b465ee728b)  -> (artifact id: 'e97f1c20aed648dd78ff7040ec35e7f2') in 0.006437 seconds 
  Import took 0.009656 seconds .

========================================================================
Received Import Request.
  Time since last request: 0.053219 seconds.
  path: Assets/Prefabs/Picked up particles.prefab
  artifactKey: Guid(b9e27abac5ac8d247bf29ec4abdf1b2a) Importer(815301076,1909f56bfc062723c751e8b465ee728b)
Start importing Assets/Prefabs/Picked up particles.prefab using Guid(b9e27abac5ac8d247bf29ec4abdf1b2a) Importer(815301076,1909f56bfc062723c751e8b465ee728b)  -> (artifact id: 'a43420a9faaaedfdc4c818f00c98f6ed') in 0.027257 seconds 
  Import took 0.030610 seconds .

========================================================================
Received Import Request.
  Time since last request: 0.000321 seconds.
  path: Assets/Prefabs/Soul Pickup.prefab
  artifactKey: Guid(291b089bf30ac2f43a7de18b3515e5aa) Importer(815301076,1909f56bfc062723c751e8b465ee728b)
Start importing Assets/Prefabs/Soul Pickup.prefab using Guid(291b089bf30ac2f43a7de18b3515e5aa) Importer(815301076,1909f56bfc062723c751e8b465ee728b)  -> (artifact id: '25d9a40de71c2c875b9ff21435e8c86b') in 0.015740 seconds 
  Import took 0.019236 seconds .

========================================================================
Received Import Request.
  Time since last request: 64.324735 seconds.
  path: Assets/Tilesets
  artifactKey: Guid(be7aed5e56cb72c4fb935c3933ab5aec) Importer(815301076,1909f56bfc062723c751e8b465ee728b)
Start importing Assets/Tilesets using Guid(be7aed5e56cb72c4fb935c3933ab5aec) Importer(815301076,1909f56bfc062723c751e8b465ee728b)  -> (artifact id: 'ff840f4f664c9ab604d062ad5aa16ef4') in 0.006642 seconds 
  Import took 0.010157 seconds .

========================================================================
Received Import Request.
  Time since last request: 0.152589 seconds.
  path: Assets/Tilesets/Black Hole Background.jpg
  artifactKey: Guid(d8f217ca4bb48824a9ba6b149da9fe8f) Importer(815301076,1909f56bfc062723c751e8b465ee728b)
Start importing Assets/Tilesets/Black Hole Background.jpg using Guid(d8f217ca4bb48824a9ba6b149da9fe8f) Importer(815301076,1909f56bfc062723c751e8b465ee728b)  -> (artifact id: 'c8ef82c9c03a1e23ccd766f31fb728fb') in 0.037679 seconds 
  Import took 0.041259 seconds .

========================================================================
Received Import Request.
  Time since last request: 12.202475 seconds.
  path: Assets/Tilesets/Entities
  artifactKey: Guid(106a9eae82a15a84f9433457a601f51f) Importer(815301076,1909f56bfc062723c751e8b465ee728b)
Start importing Assets/Tilesets/Entities using Guid(106a9eae82a15a84f9433457a601f51f) Importer(815301076,1909f56bfc062723c751e8b465ee728b)  -> (artifact id: '4988c554df5b9571deb2d7b430adeb1d') in 0.006919 seconds 
  Import took 0.010226 seconds .

========================================================================
Received Import Request.
  Time since last request: 48.619946 seconds.
  path: Assets/Tilesets/Entities/NerdEmoji-Idle.png
  artifactKey: Guid(18646b4c157221340b6a857ab3a77b60) Importer(815301076,1909f56bfc062723c751e8b465ee728b)
Start importing Assets/Tilesets/Entities/NerdEmoji-Idle.png using Guid(18646b4c157221340b6a857ab3a77b60) Importer(815301076,1909f56bfc062723c751e8b465ee728b)  -> (artifact id: '64d4acfd5bb1898a22ff861bdfd65aa3') in 0.025026 seconds 
  Import took 0.028497 seconds .

========================================================================
Received Import Request.
  Time since last request: 63.302871 seconds.
  path: Assets/Tilesets/Entities/NerdEmoji-Running 1.png
  artifactKey: Guid(18877eaa1f16a4246bf688ef6f639761) Importer(815301076,1909f56bfc062723c751e8b465ee728b)
Start importing Assets/Tilesets/Entities/NerdEmoji-Running 1.png using Guid(18877eaa1f16a4246bf688ef6f639761) Importer(815301076,1909f56bfc062723c751e8b465ee728b)  -> (artifact id: '56a2c031e3b8a575954e1befd08c2c55') in 0.014814 seconds 
  Import took 0.018139 seconds .

========================================================================
Received Import Request.
  Time since last request: 0.000191 seconds.
  path: Assets/Tilesets/Entities/NerdEmoji-Running 2.png
  artifactKey: Guid(9e8a6918f39cf4d4a91d41cf37d5a514) Importer(815301076,1909f56bfc062723c751e8b465ee728b)
Start importing Assets/Tilesets/Entities/NerdEmoji-Running 2.png using Guid(9e8a6918f39cf4d4a91d41cf37d5a514) Importer(815301076,1909f56bfc062723c751e8b465ee728b)  -> (artifact id: '58195724593479ab0757a2bd0b013d46') in 0.015780 seconds 
  Import took 0.018750 seconds .

========================================================================
Received Import Request.
  Time since last request: 0.000187 seconds.
  path: Assets/Tilesets/Entities/NerdEmoji-Running 3.png
  artifactKey: Guid(6c2a17ebcdd1322499edb27e2bd9d1a5) Importer(815301076,1909f56bfc062723c751e8b465ee728b)
Start importing Assets/Tilesets/Entities/NerdEmoji-Running 3.png using Guid(6c2a17ebcdd1322499edb27e2bd9d1a5) Importer(815301076,1909f56bfc062723c751e8b465ee728b)  -> (artifact id: '900ee2f2cda70187075c4687a9cca3a7') in 0.014546 seconds 
  Import took 0.017578 seconds .

========================================================================
Received Import Request.
  Time since last request: 612.114423 seconds.
  path: Assets/NerdEmoji-Idle.png
  artifactKey: Guid(e121351b46446b444ac7f8689c85c08d) Importer(815301076,1909f56bfc062723c751e8b465ee728b)
Start importing Assets/NerdEmoji-Idle.png using Guid(e121351b46446b444ac7f8689c85c08d) Importer(815301076,1909f56bfc062723c751e8b465ee728b)  -> (artifact id: '8dd62deac963dec0ff5ddbd4c9ce0a53') in 0.012186 seconds 
  Import took 0.016026 seconds .

========================================================================
Received Import Request.
  Time since last request: 24.765920 seconds.
  path: Assets/Animations/NerdEmoji-Idle.controller
  artifactKey: Guid(b9f70902285a82a4282bc2f3259c17fe) Importer(815301076,1909f56bfc062723c751e8b465ee728b)
Start importing Assets/Animations/NerdEmoji-Idle.controller using Guid(b9f70902285a82a4282bc2f3259c17fe) Importer(815301076,1909f56bfc062723c751e8b465ee728b)  -> (artifact id: '4278be2bf472a712b676e0a9de5c8859') in 0.004399 seconds 
  Import took 0.008007 seconds .

========================================================================
Received Import Request.
  Time since last request: 4.800434 seconds.
  path: Assets/Animations/Nerd Animation.anim
  artifactKey: Guid(b320ab87aba3e544bbbe49bbb6660a65) Importer(815301076,1909f56bfc062723c751e8b465ee728b)
Start importing Assets/Animations/Nerd Animation.anim using Guid(b320ab87aba3e544bbbe49bbb6660a65) Importer(815301076,1909f56bfc062723c751e8b465ee728b)  -> (artifact id: 'c8026af77cffa529fe543ffc181082c8') in 0.008011 seconds 
  Import took 0.011570 seconds .

========================================================================
Received Import Request.
  Time since last request: 23.844055 seconds.
  path: Assets/Animations/NerdEmoji-Idle 1.controller
  artifactKey: Guid(0fa686200bc8dc34b92f7aebf454397a) Importer(815301076,1909f56bfc062723c751e8b465ee728b)
Start importing Assets/Animations/NerdEmoji-Idle 1.controller using Guid(0fa686200bc8dc34b92f7aebf454397a) Importer(815301076,1909f56bfc062723c751e8b465ee728b)  -> (artifact id: 'a9528617d050730065b7ad5ad94e59dc') in 0.008195 seconds 
  Import took 0.011800 seconds .

========================================================================
Received Import Request.
  Time since last request: 48.250630 seconds.
  path: Assets/Scripts
  artifactKey: Guid(8539cb019ef5c0e46b7934408d48bdf8) Importer(815301076,1909f56bfc062723c751e8b465ee728b)
Start importing Assets/Scripts using Guid(8539cb019ef5c0e46b7934408d48bdf8) Importer(815301076,1909f56bfc062723c751e8b465ee728b)  -> (artifact id: 'deed95c006941fccc5933cff4931d6a3') in 0.007146 seconds 
  Import took 0.010493 seconds .

AssetImportWorkerClient::OnTransportError - code=2 error=End of file
