Using pre-set license
Built from '2020.3/staging' branch; Version is '2020.3.19f1 (68f137dc9bbe) revision 6877495'; Using compiler version '192528614'; Build Type 'Release'
OS: 'Windows 10 Pro; OS build 19045.2486; Version 2009; 64bit' Language: 'es' Physical Memory: 24524 MB
BatchMode: 1, IsHumanControllingUs: 0, StartBugReporterOnCrash: 0, Is64bit: 1, IsPro: 0

COMMAND LINE ARGUMENTS:
D:\Unity\Editor\Unity.exe
-adb2
-batchMode
-noUpm
-name
AssetImportWorker0
-projectPath
C:/Users/ivanl/Desktop/Repos/Unity/Practica 3
-logFile
Logs/AssetImportWorker0.log
-srvPort
53983
Successfully changed project path to: C:/Users/ivanl/Desktop/Repos/Unity/Practica 3
C:/Users/ivanl/Desktop/Repos/Unity/Practica 3
Using Asset Import Pipeline V2.
Refreshing native plugins compatible for Editor in 98.26 ms, found 3 plugins.
Preloading 0 native plugins for Editor in 0.00 ms.
Initialize engine version: 2020.3.19f1 (68f137dc9bbe)
[Subsystems] Discovering subsystems at path D:/Unity/Editor/Data/Resources/UnitySubsystems
[Subsystems] Discovering subsystems at path C:/Users/ivanl/Desktop/Repos/Unity/Practica 3/Assets
GfxDevice: creating device client; threaded=0
Direct3D:
    Version:  Direct3D 11.0 [level 11.1]
    Renderer: NVIDIA GeForce GTX 1050 Ti (ID=0x1c82)
    Vendor:   
    VRAM:     4019 MB
    Driver:   31.0.15.1694
Initialize mono
Mono path[0] = 'D:/Unity/Editor/Data/Managed'
Mono path[1] = 'D:/Unity/Editor/Data/MonoBleedingEdge/lib/mono/unityjit'
Mono config path = 'D:/Unity/Editor/Data/MonoBleedingEdge/etc'
Using monoOptions --debugger-agent=transport=dt_socket,embedding=1,server=y,suspend=n,address=127.0.0.1:56856
Begin MonoManager ReloadAssembly
Registering precompiled unity dll's ...
Register platform support module: D:/Unity/Editor/Data/PlaybackEngines/WindowsStandaloneSupport/UnityEditor.WindowsStandalone.Extensions.dll
Registered in 0.001207 seconds.
Native extension for WindowsStandalone target not found
Refreshing native plugins compatible for Editor in 80.02 ms, found 3 plugins.
Preloading 0 native plugins for Editor in 0.00 ms.
Mono: successfully reloaded assembly
- Completed reload, in  1.050 seconds
Domain Reload Profiling:
	ReloadAssembly (1051ms)
		BeginReloadAssembly (55ms)
			ExecutionOrderSort (0ms)
			DisableScriptedObjects (0ms)
			BackupInstance (0ms)
			ReleaseScriptingObjects (0ms)
			CreateAndSetChildDomain (1ms)
		EndReloadAssembly (517ms)
			LoadAssemblies (54ms)
			RebuildTransferFunctionScriptingTraits (0ms)
			SetupTypeCache (183ms)
			ReleaseScriptCaches (0ms)
			RebuildScriptCaches (31ms)
			SetupLoadedEditorAssemblies (220ms)
				LogAssemblyErrors (0ms)
				InitializePlatformSupportModulesInManaged (4ms)
				SetLoadedEditorAssemblies (0ms)
				RefreshPlugins (80ms)
				BeforeProcessingInitializeOnLoad (17ms)
				ProcessInitializeOnLoadAttributes (87ms)
				ProcessInitializeOnLoadMethodAttributes (31ms)
				AfterProcessingInitializeOnLoad (0ms)
				EditorAssembliesLoaded (0ms)
			ExecutionOrderSort2 (0ms)
			AwakeInstancesAfterBackupRestoration (0ms)
Platform modules already initialized, skipping
Registering precompiled user dll's ...
Registered in 0.004695 seconds.
Begin MonoManager ReloadAssembly
Native extension for WindowsStandalone target not found
Refreshing native plugins compatible for Editor in 78.58 ms, found 3 plugins.
Preloading 0 native plugins for Editor in 0.00 ms.
Mono: successfully reloaded assembly
- Completed reload, in  1.266 seconds
Domain Reload Profiling:
	ReloadAssembly (1267ms)
		BeginReloadAssembly (162ms)
			ExecutionOrderSort (0ms)
			DisableScriptedObjects (5ms)
			BackupInstance (0ms)
			ReleaseScriptingObjects (0ms)
			CreateAndSetChildDomain (19ms)
		EndReloadAssembly (1041ms)
			LoadAssemblies (102ms)
			RebuildTransferFunctionScriptingTraits (0ms)
			SetupTypeCache (324ms)
			ReleaseScriptCaches (1ms)
			RebuildScriptCaches (54ms)
			SetupLoadedEditorAssemblies (430ms)
				LogAssemblyErrors (0ms)
				InitializePlatformSupportModulesInManaged (4ms)
				SetLoadedEditorAssemblies (0ms)
				RefreshPlugins (79ms)
				BeforeProcessingInitializeOnLoad (94ms)
				ProcessInitializeOnLoadAttributes (234ms)
				ProcessInitializeOnLoadMethodAttributes (16ms)
				AfterProcessingInitializeOnLoad (3ms)
				EditorAssembliesLoaded (0ms)
			ExecutionOrderSort2 (0ms)
			AwakeInstancesAfterBackupRestoration (7ms)
Platform modules already initialized, skipping
========================================================================
Worker process is ready to serve import requests
Launched and connected shader compiler UnityShaderCompiler.exe after 0.05 seconds
Refreshing native plugins compatible for Editor in 1.22 ms, found 3 plugins.
Preloading 0 native plugins for Editor in 0.00 ms.
Unloading 2259 Unused Serialized files (Serialized files now loaded: 0)
System memory in use before: 100.9 MB.
System memory in use after: 101.0 MB.

Unloading 27 unused Assets to reduce memory usage. Loaded Objects now: 2701.
Total: 3.588900 ms (FindLiveObjects: 0.263900 ms CreateObjectMapping: 0.053000 ms MarkObjects: 3.193000 ms  DeleteObjects: 0.077400 ms)

AssetImportParameters requested are different than current active one (requested -> active):
  custom:framework-win-MediaFoundation: 216162199b28c13a410421893ffa2e32 -> 
  custom:video-decoder-ogg-theora: a1e56fd34408186e4bbccfd4996cb3dc -> 
  custom:container-muxer-webm: aa71ff27fc2769a1b78a27578f13a17b -> 
  custom:container-demuxer-webm: 4f35f7cbe854078d1ac9338744f61a02 -> 
  custom:container-demuxer-ogg: 62fdf1f143b41e24485cea50d1cbac27 -> 
  custom:video-encoder-webm-vp8: eb34c28f22e8b96e1ab97ce403110664 -> 
  custom:video-codec-MediaFoundation-h265: 746d11721c4dcdbdad8f713fa42b33f4 -> 
  custom:video-decoder-webm-vp8: 9c59270c3fd7afecdb556c50c9e8de78 -> 
  custom:audio-decoder-ogg-vorbis: bf7c407c2cedff20999df2af8eb42d56 -> 
  custom:audio-encoder-webm-vorbis: bf7c407c2cedff20999df2af8eb42d56 -> 
========================================================================
Received Import Request.
  path: Assets/OptimusPrinceps.ttf
  artifactKey: Guid(a14a423da62137148aa2e2305f28a921) Importer(815301076,1909f56bfc062723c751e8b465ee728b)
Start importing Assets/OptimusPrinceps.ttf using Guid(a14a423da62137148aa2e2305f28a921) Importer(815301076,1909f56bfc062723c751e8b465ee728b)  -> (artifact id: 'ac5a90789081e59b85e43b48ba122396') in 0.286278 seconds 
  Import took 0.290252 seconds .

========================================================================
Received Import Request.
  Time since last request: 54.669062 seconds.
  path: Assets/Scenes
  artifactKey: Guid(3202596ccb3d31c439bd33284756e701) Importer(815301076,1909f56bfc062723c751e8b465ee728b)
Start importing Assets/Scenes using Guid(3202596ccb3d31c439bd33284756e701) Importer(815301076,1909f56bfc062723c751e8b465ee728b)  -> (artifact id: 'bcc6a631ae180b23ef9ae2da4dd6777d') in 0.007611 seconds 
  Import took 0.011509 seconds .

========================================================================
Received Import Request.
  Time since last request: 1.343584 seconds.
  path: Assets/Scenes/2.Drangleic's Castle.unity
  artifactKey: Guid(a362df895de2f234aa374aa3dedd67ac) Importer(815301076,1909f56bfc062723c751e8b465ee728b)
Start importing Assets/Scenes/2.Drangleic's Castle.unity using Guid(a362df895de2f234aa374aa3dedd67ac) Importer(815301076,1909f56bfc062723c751e8b465ee728b)  -> (artifact id: '5376ae5c07519e2cc2554a9c2021f853') in 0.007689 seconds 
  Import took 0.011910 seconds .

========================================================================
Received Import Request.
  Time since last request: 6875.868752 seconds.
  path: Assets/Scenes/4.Keyblade Graveyard.unity
  artifactKey: Guid(ddce32d57859f354a9dca0dffb5fa5f6) Importer(815301076,1909f56bfc062723c751e8b465ee728b)
Start importing Assets/Scenes/4.Keyblade Graveyard.unity using Guid(ddce32d57859f354a9dca0dffb5fa5f6) Importer(815301076,1909f56bfc062723c751e8b465ee728b)  -> (artifact id: 'd1ba9c2d29883c098de722c67e354a9e') in 0.008267 seconds 
  Import took 0.013681 seconds .

========================================================================
Received Import Request.
  Time since last request: 28.909413 seconds.
  path: Assets/Tilesets
  artifactKey: Guid(be7aed5e56cb72c4fb935c3933ab5aec) Importer(815301076,1909f56bfc062723c751e8b465ee728b)
Start importing Assets/Tilesets using Guid(be7aed5e56cb72c4fb935c3933ab5aec) Importer(815301076,1909f56bfc062723c751e8b465ee728b)  -> (artifact id: 'ff840f4f664c9ab604d062ad5aa16ef4') in 0.006340 seconds 
  Import took 0.010074 seconds .

========================================================================
Received Import Request.
  Time since last request: 0.062673 seconds.
  path: Assets/Tilesets/Black Hole Background.jpg
  artifactKey: Guid(d8f217ca4bb48824a9ba6b149da9fe8f) Importer(815301076,1909f56bfc062723c751e8b465ee728b)
Start importing Assets/Tilesets/Black Hole Background.jpg using Guid(d8f217ca4bb48824a9ba6b149da9fe8f) Importer(815301076,1909f56bfc062723c751e8b465ee728b)  -> (artifact id: 'c8ef82c9c03a1e23ccd766f31fb728fb') in 0.049577 seconds 
  Import took 0.053435 seconds .

========================================================================
Received Import Request.
  Time since last request: 0.000175 seconds.
  path: Assets/Tilesets/kiln-of-the-first-flame-dark-souls-3-from-software.jpg
  artifactKey: Guid(8b0f9818a79fb5443bd14e6fcfcfcbb6) Importer(815301076,1909f56bfc062723c751e8b465ee728b)
Start importing Assets/Tilesets/kiln-of-the-first-flame-dark-souls-3-from-software.jpg using Guid(8b0f9818a79fb5443bd14e6fcfcfcbb6) Importer(815301076,1909f56bfc062723c751e8b465ee728b)  -> (artifact id: 'd172df54ce93bed5669759437f1d81bc') in 0.046387 seconds 
  Import took 0.050146 seconds .

========================================================================
Received Import Request.
  Time since last request: 0.000187 seconds.
  path: Assets/Tilesets/KeybladeGraveyard.png
  artifactKey: Guid(5666a755087e6894aa43386cc5d1494c) Importer(815301076,1909f56bfc062723c751e8b465ee728b)
Start importing Assets/Tilesets/KeybladeGraveyard.png using Guid(5666a755087e6894aa43386cc5d1494c) Importer(815301076,1909f56bfc062723c751e8b465ee728b)  -> (artifact id: 'e3b7090fcd5aab381940f7d4f81bcd62') in 0.021689 seconds 
  Import took 0.024924 seconds .

========================================================================
Received Import Request.
  Time since last request: 0.000205 seconds.
  path: Assets/Tilesets/Kiln fondo.jpg
  artifactKey: Guid(b96e98b227f9fcd4caec31a036e672ea) Importer(815301076,1909f56bfc062723c751e8b465ee728b)
Start importing Assets/Tilesets/Kiln fondo.jpg using Guid(b96e98b227f9fcd4caec31a036e672ea) Importer(815301076,1909f56bfc062723c751e8b465ee728b)  -> (artifact id: 'e142ea87073c6fb5e3324df5227d7d0a') in 0.017146 seconds 
  Import took 0.020883 seconds .

========================================================================
Received Import Request.
  Time since last request: 0.000176 seconds.
  path: Assets/Tilesets/Keyblades.png
  artifactKey: Guid(a6835268a54b14f4c9b54448526f2326) Importer(815301076,1909f56bfc062723c751e8b465ee728b)
Start importing Assets/Tilesets/Keyblades.png using Guid(a6835268a54b14f4c9b54448526f2326) Importer(815301076,1909f56bfc062723c751e8b465ee728b)  -> (artifact id: '8feaa9348992d2d8cc0ba5e99593fa92') in 0.016538 seconds 
  Import took 0.020235 seconds .

========================================================================
Received Import Request.
  Time since last request: 0.000217 seconds.
  path: Assets/Tilesets/RikuXigbar.png
  artifactKey: Guid(9bd8dc74733dd8d46beb0cd72154f500) Importer(815301076,1909f56bfc062723c751e8b465ee728b)
Start importing Assets/Tilesets/RikuXigbar.png using Guid(9bd8dc74733dd8d46beb0cd72154f500) Importer(815301076,1909f56bfc062723c751e8b465ee728b)  -> (artifact id: 'cb4f4b7654de88764eae82123e77332f') in 0.014654 seconds 
  Import took 0.018698 seconds .

========================================================================
Received Import Request.
  Time since last request: 0.000169 seconds.
  path: Assets/Tilesets/Drangleic.jpg
  artifactKey: Guid(a60db35f73b24a046b49ced88f36cd91) Importer(815301076,1909f56bfc062723c751e8b465ee728b)
Start importing Assets/Tilesets/Drangleic.jpg using Guid(a60db35f73b24a046b49ced88f36cd91) Importer(815301076,1909f56bfc062723c751e8b465ee728b)  -> (artifact id: '1a088427817ec3f39d17ef46f28b9a82') in 0.019849 seconds 
  Import took 0.023162 seconds .

========================================================================
Received Import Request.
  Time since last request: 0.000224 seconds.
  path: Assets/Tilesets/Graveyard.jpg
  artifactKey: Guid(c2eff89a8e9bf47479dc5c84fc48f8ed) Importer(815301076,1909f56bfc062723c751e8b465ee728b)
Start importing Assets/Tilesets/Graveyard.jpg using Guid(c2eff89a8e9bf47479dc5c84fc48f8ed) Importer(815301076,1909f56bfc062723c751e8b465ee728b)  -> (artifact id: '04779e9fbdc5001b20c7d4877df620e1') in 0.025259 seconds 
  Import took 0.029034 seconds .

========================================================================
Received Import Request.
  Time since last request: 0.000199 seconds.
  path: Assets/Tilesets/MarlyLarxLux.png
  artifactKey: Guid(b5a8304d27d1e334bbfc773d319e92e8) Importer(815301076,1909f56bfc062723c751e8b465ee728b)
Start importing Assets/Tilesets/MarlyLarxLux.png using Guid(b5a8304d27d1e334bbfc773d319e92e8) Importer(815301076,1909f56bfc062723c751e8b465ee728b)  -> (artifact id: '2ce844da9bad3dfed42e54b4c1758534') in 0.014769 seconds 
  Import took 0.018548 seconds .

========================================================================
Received Import Request.
  Time since last request: 0.000200 seconds.
  path: Assets/Tilesets/Saix.png
  artifactKey: Guid(c6ac9178a053a284e993c56689b2bb4f) Importer(815301076,1909f56bfc062723c751e8b465ee728b)
Start importing Assets/Tilesets/Saix.png using Guid(c6ac9178a053a284e993c56689b2bb4f) Importer(815301076,1909f56bfc062723c751e8b465ee728b)  -> (artifact id: '35ced2e241d973e7867699b044c010eb') in 0.014865 seconds 
  Import took 0.018356 seconds .

========================================================================
Received Import Request.
  Time since last request: 0.000194 seconds.
  path: Assets/Tilesets/Ridley.jpg
  artifactKey: Guid(109cc5e9b2bf764449f1a3e714ed6976) Importer(815301076,1909f56bfc062723c751e8b465ee728b)
Start importing Assets/Tilesets/Ridley.jpg using Guid(109cc5e9b2bf764449f1a3e714ed6976) Importer(815301076,1909f56bfc062723c751e8b465ee728b)  -> (artifact id: '76046b92f65161973590e38a231e9928') in 0.016134 seconds 
  Import took 0.019781 seconds .

========================================================================
Received Import Request.
  Time since last request: 38.626835 seconds.
  path: Assets/Tilesets/Saix.png
  artifactKey: Guid(c6ac9178a053a284e993c56689b2bb4f) Importer(815301076,1909f56bfc062723c751e8b465ee728b)
Start importing Assets/Tilesets/Saix.png using Guid(c6ac9178a053a284e993c56689b2bb4f) Importer(815301076,1909f56bfc062723c751e8b465ee728b)  -> (artifact id: '1508ae7e16bf8bf5063028760c31d7fa') in 0.015606 seconds 
  Import took 0.019519 seconds .

========================================================================
Received Prepare
Registering precompiled user dll's ...
Registered in 0.004460 seconds.
Begin MonoManager ReloadAssembly
Native extension for WindowsStandalone target not found
Refreshing native plugins compatible for Editor in 1.19 ms, found 3 plugins.
Preloading 0 native plugins for Editor in 0.00 ms.
Mono: successfully reloaded assembly
- Completed reload, in  1.063 seconds
Domain Reload Profiling:
	ReloadAssembly (1063ms)
		BeginReloadAssembly (119ms)
			ExecutionOrderSort (0ms)
			DisableScriptedObjects (6ms)
			BackupInstance (0ms)
			ReleaseScriptingObjects (0ms)
			CreateAndSetChildDomain (35ms)
		EndReloadAssembly (884ms)
			LoadAssemblies (90ms)
			RebuildTransferFunctionScriptingTraits (0ms)
			SetupTypeCache (302ms)
			ReleaseScriptCaches (1ms)
			RebuildScriptCaches (46ms)
			SetupLoadedEditorAssemblies (329ms)
				LogAssemblyErrors (0ms)
				InitializePlatformSupportModulesInManaged (5ms)
				SetLoadedEditorAssemblies (0ms)
				RefreshPlugins (1ms)
				BeforeProcessingInitializeOnLoad (88ms)
				ProcessInitializeOnLoadAttributes (225ms)
				ProcessInitializeOnLoadMethodAttributes (6ms)
				AfterProcessingInitializeOnLoad (3ms)
				EditorAssembliesLoaded (0ms)
			ExecutionOrderSort2 (0ms)
			AwakeInstancesAfterBackupRestoration (11ms)
Platform modules already initialized, skipping
Refreshing native plugins compatible for Editor in 0.83 ms, found 3 plugins.
Preloading 0 native plugins for Editor in 0.00 ms.
Unloading 2247 Unused Serialized files (Serialized files now loaded: 0)
System memory in use before: 103.8 MB.
System memory in use after: 104.0 MB.

Unloading 15 unused Assets to reduce memory usage. Loaded Objects now: 2760.
Total: 3.481600 ms (FindLiveObjects: 0.270400 ms CreateObjectMapping: 0.064100 ms MarkObjects: 3.126300 ms  DeleteObjects: 0.019400 ms)

AssetImportParameters requested are different than current active one (requested -> active):
  custom:framework-win-MediaFoundation: 216162199b28c13a410421893ffa2e32 -> 
  custom:video-decoder-ogg-theora: a1e56fd34408186e4bbccfd4996cb3dc -> 
  custom:container-muxer-webm: aa71ff27fc2769a1b78a27578f13a17b -> 
  custom:container-demuxer-webm: 4f35f7cbe854078d1ac9338744f61a02 -> 
  custom:container-demuxer-ogg: 62fdf1f143b41e24485cea50d1cbac27 -> 
  custom:video-encoder-webm-vp8: eb34c28f22e8b96e1ab97ce403110664 -> 
  custom:video-codec-MediaFoundation-h265: 746d11721c4dcdbdad8f713fa42b33f4 -> 
  custom:video-decoder-webm-vp8: 9c59270c3fd7afecdb556c50c9e8de78 -> 
  custom:audio-decoder-ogg-vorbis: bf7c407c2cedff20999df2af8eb42d56 -> 
  custom:audio-encoder-webm-vorbis: bf7c407c2cedff20999df2af8eb42d56 -> 
========================================================================
Received Prepare
Registering precompiled user dll's ...
Registered in 0.004412 seconds.
Begin MonoManager ReloadAssembly
Native extension for WindowsStandalone target not found
Refreshing native plugins compatible for Editor in 0.93 ms, found 3 plugins.
Preloading 0 native plugins for Editor in 0.00 ms.
Mono: successfully reloaded assembly
- Completed reload, in  1.096 seconds
Domain Reload Profiling:
	ReloadAssembly (1097ms)
		BeginReloadAssembly (113ms)
			ExecutionOrderSort (0ms)
			DisableScriptedObjects (6ms)
			BackupInstance (0ms)
			ReleaseScriptingObjects (0ms)
			CreateAndSetChildDomain (34ms)
		EndReloadAssembly (919ms)
			LoadAssemblies (92ms)
			RebuildTransferFunctionScriptingTraits (0ms)
			SetupTypeCache (327ms)
			ReleaseScriptCaches (1ms)
			RebuildScriptCaches (51ms)
			SetupLoadedEditorAssemblies (333ms)
				LogAssemblyErrors (0ms)
				InitializePlatformSupportModulesInManaged (5ms)
				SetLoadedEditorAssemblies (1ms)
				RefreshPlugins (1ms)
				BeforeProcessingInitializeOnLoad (91ms)
				ProcessInitializeOnLoadAttributes (225ms)
				ProcessInitializeOnLoadMethodAttributes (7ms)
				AfterProcessingInitializeOnLoad (3ms)
				EditorAssembliesLoaded (0ms)
			ExecutionOrderSort2 (0ms)
			AwakeInstancesAfterBackupRestoration (13ms)
Platform modules already initialized, skipping
Refreshing native plugins compatible for Editor in 0.84 ms, found 3 plugins.
Preloading 0 native plugins for Editor in 0.00 ms.
Unloading 2247 Unused Serialized files (Serialized files now loaded: 0)
System memory in use before: 103.8 MB.
System memory in use after: 104.0 MB.

Unloading 15 unused Assets to reduce memory usage. Loaded Objects now: 2763.
Total: 3.209300 ms (FindLiveObjects: 0.268300 ms CreateObjectMapping: 0.054300 ms MarkObjects: 2.865500 ms  DeleteObjects: 0.020000 ms)

AssetImportParameters requested are different than current active one (requested -> active):
  custom:framework-win-MediaFoundation: 216162199b28c13a410421893ffa2e32 -> 
  custom:video-decoder-ogg-theora: a1e56fd34408186e4bbccfd4996cb3dc -> 
  custom:container-muxer-webm: aa71ff27fc2769a1b78a27578f13a17b -> 
  custom:container-demuxer-webm: 4f35f7cbe854078d1ac9338744f61a02 -> 
  custom:container-demuxer-ogg: 62fdf1f143b41e24485cea50d1cbac27 -> 
  custom:video-encoder-webm-vp8: eb34c28f22e8b96e1ab97ce403110664 -> 
  custom:video-codec-MediaFoundation-h265: 746d11721c4dcdbdad8f713fa42b33f4 -> 
  custom:video-decoder-webm-vp8: 9c59270c3fd7afecdb556c50c9e8de78 -> 
  custom:audio-decoder-ogg-vorbis: bf7c407c2cedff20999df2af8eb42d56 -> 
  custom:audio-encoder-webm-vorbis: bf7c407c2cedff20999df2af8eb42d56 -> 
========================================================================
Received Prepare
Registering precompiled user dll's ...
Registered in 0.004516 seconds.
Begin MonoManager ReloadAssembly
Native extension for WindowsStandalone target not found
Refreshing native plugins compatible for Editor in 0.97 ms, found 3 plugins.
Preloading 0 native plugins for Editor in 0.00 ms.
Mono: successfully reloaded assembly
- Completed reload, in  1.048 seconds
Domain Reload Profiling:
	ReloadAssembly (1049ms)
		BeginReloadAssembly (111ms)
			ExecutionOrderSort (0ms)
			DisableScriptedObjects (7ms)
			BackupInstance (0ms)
			ReleaseScriptingObjects (0ms)
			CreateAndSetChildDomain (36ms)
		EndReloadAssembly (875ms)
			LoadAssemblies (93ms)
			RebuildTransferFunctionScriptingTraits (0ms)
			SetupTypeCache (290ms)
			ReleaseScriptCaches (3ms)
			RebuildScriptCaches (60ms)
			SetupLoadedEditorAssemblies (318ms)
				LogAssemblyErrors (0ms)
				InitializePlatformSupportModulesInManaged (5ms)
				SetLoadedEditorAssemblies (0ms)
				RefreshPlugins (1ms)
				BeforeProcessingInitializeOnLoad (84ms)
				ProcessInitializeOnLoadAttributes (217ms)
				ProcessInitializeOnLoadMethodAttributes (6ms)
				AfterProcessingInitializeOnLoad (4ms)
				EditorAssembliesLoaded (0ms)
			ExecutionOrderSort2 (0ms)
			AwakeInstancesAfterBackupRestoration (11ms)
Platform modules already initialized, skipping
Refreshing native plugins compatible for Editor in 0.81 ms, found 3 plugins.
Preloading 0 native plugins for Editor in 0.00 ms.
Unloading 2247 Unused Serialized files (Serialized files now loaded: 0)
System memory in use before: 103.9 MB.
System memory in use after: 104.1 MB.

Unloading 15 unused Assets to reduce memory usage. Loaded Objects now: 2766.
Total: 3.094000 ms (FindLiveObjects: 0.250200 ms CreateObjectMapping: 0.059300 ms MarkObjects: 2.767900 ms  DeleteObjects: 0.015100 ms)

AssetImportParameters requested are different than current active one (requested -> active):
  custom:framework-win-MediaFoundation: 216162199b28c13a410421893ffa2e32 -> 
  custom:video-decoder-ogg-theora: a1e56fd34408186e4bbccfd4996cb3dc -> 
  custom:container-muxer-webm: aa71ff27fc2769a1b78a27578f13a17b -> 
  custom:container-demuxer-webm: 4f35f7cbe854078d1ac9338744f61a02 -> 
  custom:container-demuxer-ogg: 62fdf1f143b41e24485cea50d1cbac27 -> 
  custom:video-encoder-webm-vp8: eb34c28f22e8b96e1ab97ce403110664 -> 
  custom:video-codec-MediaFoundation-h265: 746d11721c4dcdbdad8f713fa42b33f4 -> 
  custom:video-decoder-webm-vp8: 9c59270c3fd7afecdb556c50c9e8de78 -> 
  custom:audio-decoder-ogg-vorbis: bf7c407c2cedff20999df2af8eb42d56 -> 
  custom:audio-encoder-webm-vorbis: bf7c407c2cedff20999df2af8eb42d56 -> 
AssetImportWorkerClient::OnTransportError - code=2 error=End of file
