Using pre-set license
Built from '2020.3/staging' branch; Version is '2020.3.19f1 (68f137dc9bbe) revision 6877495'; Using compiler version '192528614'; Build Type 'Release'
OS: 'Windows 10 Pro; OS build 19045.3324; Version 2009; 64bit' Language: 'es' Physical Memory: 24524 MB
BatchMode: 1, IsHumanControllingUs: 0, StartBugReporterOnCrash: 0, Is64bit: 1, IsPro: 0

COMMAND LINE ARGUMENTS:
D:\Unity\Editor\Unity.exe
-adb2
-batchMode
-noUpm
-name
AssetImportWorker0
-projectPath
C:/Users/ivanl/Desktop/Repos/Unity/Kingdom Hearts Luxord Playground
-logFile
Logs/AssetImportWorker0.log
-srvPort
56482
Successfully changed project path to: C:/Users/ivanl/Desktop/Repos/Unity/Kingdom Hearts Luxord Playground
C:/Users/ivanl/Desktop/Repos/Unity/Kingdom Hearts Luxord Playground
Using Asset Import Pipeline V2.
Refreshing native plugins compatible for Editor in 50.90 ms, found 3 plugins.
Preloading 0 native plugins for Editor in 0.00 ms.
Initialize engine version: 2020.3.19f1 (68f137dc9bbe)
[Subsystems] Discovering subsystems at path D:/Unity/Editor/Data/Resources/UnitySubsystems
[Subsystems] Discovering subsystems at path C:/Users/ivanl/Desktop/Repos/Unity/Kingdom Hearts Luxord Playground/Assets
GfxDevice: creating device client; threaded=0
Direct3D:
    Version:  Direct3D 11.0 [level 11.1]
    Renderer: NVIDIA GeForce RTX 3060 Ti (ID=0x24c9)
    Vendor:   
    VRAM:     8038 MB
    Driver:   31.0.15.3623
Initialize mono
Mono path[0] = 'D:/Unity/Editor/Data/Managed'
Mono path[1] = 'D:/Unity/Editor/Data/MonoBleedingEdge/lib/mono/unityjit'
Mono config path = 'D:/Unity/Editor/Data/MonoBleedingEdge/etc'
Using monoOptions --debugger-agent=transport=dt_socket,embedding=1,server=y,suspend=n,address=127.0.0.1:56468
Begin MonoManager ReloadAssembly
Registering precompiled unity dll's ...
Register platform support module: D:/Unity/Editor/Data/PlaybackEngines/WindowsStandaloneSupport/UnityEditor.WindowsStandalone.Extensions.dll
Registered in 0.001385 seconds.
Native extension for WindowsStandalone target not found
Refreshing native plugins compatible for Editor in 53.14 ms, found 3 plugins.
Preloading 0 native plugins for Editor in 0.00 ms.
Mono: successfully reloaded assembly
- Completed reload, in  1.112 seconds
Domain Reload Profiling:
	ReloadAssembly (1112ms)
		BeginReloadAssembly (62ms)
			ExecutionOrderSort (0ms)
			DisableScriptedObjects (0ms)
			BackupInstance (0ms)
			ReleaseScriptingObjects (0ms)
			CreateAndSetChildDomain (1ms)
		EndReloadAssembly (494ms)
			LoadAssemblies (61ms)
			RebuildTransferFunctionScriptingTraits (0ms)
			SetupTypeCache (180ms)
			ReleaseScriptCaches (0ms)
			RebuildScriptCaches (34ms)
			SetupLoadedEditorAssemblies (205ms)
				LogAssemblyErrors (0ms)
				InitializePlatformSupportModulesInManaged (4ms)
				SetLoadedEditorAssemblies (0ms)
				RefreshPlugins (53ms)
				BeforeProcessingInitializeOnLoad (18ms)
				ProcessInitializeOnLoadAttributes (95ms)
				ProcessInitializeOnLoadMethodAttributes (34ms)
				AfterProcessingInitializeOnLoad (0ms)
				EditorAssembliesLoaded (0ms)
			ExecutionOrderSort2 (0ms)
			AwakeInstancesAfterBackupRestoration (0ms)
Platform modules already initialized, skipping
Registering precompiled user dll's ...
Registered in 0.005049 seconds.
Begin MonoManager ReloadAssembly
Native extension for WindowsStandalone target not found
Refreshing native plugins compatible for Editor in 51.50 ms, found 3 plugins.
Preloading 0 native plugins for Editor in 0.00 ms.
Mono: successfully reloaded assembly
- Completed reload, in  1.275 seconds
Domain Reload Profiling:
	ReloadAssembly (1276ms)
		BeginReloadAssembly (164ms)
			ExecutionOrderSort (0ms)
			DisableScriptedObjects (6ms)
			BackupInstance (0ms)
			ReleaseScriptingObjects (0ms)
			CreateAndSetChildDomain (22ms)
		EndReloadAssembly (1044ms)
			LoadAssemblies (117ms)
			RebuildTransferFunctionScriptingTraits (0ms)
			SetupTypeCache (334ms)
			ReleaseScriptCaches (1ms)
			RebuildScriptCaches (57ms)
			SetupLoadedEditorAssemblies (403ms)
				LogAssemblyErrors (0ms)
				InitializePlatformSupportModulesInManaged (5ms)
				SetLoadedEditorAssemblies (0ms)
				RefreshPlugins (52ms)
				BeforeProcessingInitializeOnLoad (95ms)
				ProcessInitializeOnLoadAttributes (231ms)
				ProcessInitializeOnLoadMethodAttributes (17ms)
				AfterProcessingInitializeOnLoad (3ms)
				EditorAssembliesLoaded (0ms)
			ExecutionOrderSort2 (0ms)
			AwakeInstancesAfterBackupRestoration (9ms)
Platform modules already initialized, skipping
========================================================================
Worker process is ready to serve import requests
Launched and connected shader compiler UnityShaderCompiler.exe after 0.06 seconds
Refreshing native plugins compatible for Editor in 0.56 ms, found 3 plugins.
Preloading 0 native plugins for Editor in 0.00 ms.
Unloading 2108 Unused Serialized files (Serialized files now loaded: 0)
System memory in use before: 95.4 MB.
System memory in use after: 95.4 MB.

Unloading 26 unused Assets to reduce memory usage. Loaded Objects now: 2548.
Total: 6.758600 ms (FindLiveObjects: 0.455600 ms CreateObjectMapping: 0.086700 ms MarkObjects: 6.075700 ms  DeleteObjects: 0.135800 ms)

AssetImportParameters requested are different than current active one (requested -> active):
  custom:framework-win-MediaFoundation: 216162199b28c13a410421893ffa2e32 -> 
  custom:video-decoder-ogg-theora: a1e56fd34408186e4bbccfd4996cb3dc -> 
  custom:container-muxer-webm: aa71ff27fc2769a1b78a27578f13a17b -> 
  custom:container-demuxer-webm: 4f35f7cbe854078d1ac9338744f61a02 -> 
  custom:container-demuxer-ogg: 62fdf1f143b41e24485cea50d1cbac27 -> 
  custom:video-encoder-webm-vp8: eb34c28f22e8b96e1ab97ce403110664 -> 
  custom:video-codec-MediaFoundation-h265: 746d11721c4dcdbdad8f713fa42b33f4 -> 
  custom:video-decoder-webm-vp8: 9c59270c3fd7afecdb556c50c9e8de78 -> 
  custom:audio-decoder-ogg-vorbis: bf7c407c2cedff20999df2af8eb42d56 -> 
  custom:audio-encoder-webm-vorbis: bf7c407c2cedff20999df2af8eb42d56 -> 
========================================================================
Received Import Request.
  path: Assets/Prefabs/Visual Prefabs
  artifactKey: Guid(16922937e0563d24db9fe5c4919e8c9b) Importer(815301076,1909f56bfc062723c751e8b465ee728b)
Start importing Assets/Prefabs/Visual Prefabs using Guid(16922937e0563d24db9fe5c4919e8c9b) Importer(815301076,1909f56bfc062723c751e8b465ee728b)  -> (artifact id: '81984cff2473caa5473240ef5f5b6336') in 0.023500 seconds 
  Import took 0.029646 seconds .

========================================================================
Received Import Request.
  Time since last request: 2.312928 seconds.
  path: Assets/Prefabs/Full Prefabs
  artifactKey: Guid(6704a4cbc17a941448e4f94f3e8f438f) Importer(815301076,1909f56bfc062723c751e8b465ee728b)
Start importing Assets/Prefabs/Full Prefabs using Guid(6704a4cbc17a941448e4f94f3e8f438f) Importer(815301076,1909f56bfc062723c751e8b465ee728b)  -> (artifact id: '7535540eacf7406c046e999c589d2a9a') in 0.010797 seconds 
  Import took 0.015451 seconds .

========================================================================
Received Import Request.
  Time since last request: 47.597565 seconds.
  path: Assets/Prefabs/Visual Prefabs/Hand.prefab
  artifactKey: Guid(8d2b459cd02f86d4080f4e5bf9a56b9c) Importer(815301076,1909f56bfc062723c751e8b465ee728b)
Start importing Assets/Prefabs/Visual Prefabs/Hand.prefab using Guid(8d2b459cd02f86d4080f4e5bf9a56b9c) Importer(815301076,1909f56bfc062723c751e8b465ee728b)  -> (artifact id: '6e7beb24f57099bcb439229232e92f5a') in 0.158348 seconds 
  Import took 0.162911 seconds .

========================================================================
Received Import Request.
  Time since last request: 1.163446 seconds.
  path: Assets/Prefabs/Visual Prefabs/MP.prefab
  artifactKey: Guid(c21197e211e6c95468611c421ff65ae2) Importer(815301076,1909f56bfc062723c751e8b465ee728b)
Start importing Assets/Prefabs/Visual Prefabs/MP.prefab using Guid(c21197e211e6c95468611c421ff65ae2) Importer(815301076,1909f56bfc062723c751e8b465ee728b)  -> (artifact id: '829cc3a5e632ad09c470f91a7a91194c') in 0.028513 seconds 
  Import took 0.034102 seconds .

========================================================================
Received Import Request.
  Time since last request: 1.094271 seconds.
  path: Assets/Prefabs/Visual Prefabs/Character 1.prefab
  artifactKey: Guid(e279010cd1eebc9408d4b0275770f778) Importer(815301076,1909f56bfc062723c751e8b465ee728b)
Start importing Assets/Prefabs/Visual Prefabs/Character 1.prefab using Guid(e279010cd1eebc9408d4b0275770f778) Importer(815301076,1909f56bfc062723c751e8b465ee728b)  -> (artifact id: '5616c626082717d7e594c8eaea6f2596') in 0.029887 seconds 
  Import took 0.034300 seconds .

========================================================================
Received Import Request.
  Time since last request: 1.917505 seconds.
  path: Assets/Prefabs/Visual Prefabs/HP Bar.prefab
  artifactKey: Guid(3e3a188b9277a234fb9d425b8e31ed95) Importer(815301076,1909f56bfc062723c751e8b465ee728b)
Start importing Assets/Prefabs/Visual Prefabs/HP Bar.prefab using Guid(3e3a188b9277a234fb9d425b8e31ed95) Importer(815301076,1909f56bfc062723c751e8b465ee728b)  -> (artifact id: '2ef11968ee5e1a1582a23250c6084ac8') in 0.046319 seconds 
  Import took 0.050978 seconds .

========================================================================
Received Import Request.
  Time since last request: 1.303863 seconds.
  path: Assets/Prefabs/Visual Prefabs/Power 1.prefab
  artifactKey: Guid(1ca00974b55b5f045be5cd315f87cba8) Importer(815301076,1909f56bfc062723c751e8b465ee728b)
Start importing Assets/Prefabs/Visual Prefabs/Power 1.prefab using Guid(1ca00974b55b5f045be5cd315f87cba8) Importer(815301076,1909f56bfc062723c751e8b465ee728b)  -> (artifact id: '91c695dc7d62511c9e9c99ce2f60c4e9') in 0.081528 seconds 
  Import took 0.085545 seconds .

========================================================================
Received Import Request.
  Time since last request: 1.441691 seconds.
  path: Assets/Prefabs/Visual Prefabs/Energy 1.prefab
  artifactKey: Guid(32f7aa6ba91f08d45a5986ac63c3047e) Importer(815301076,1909f56bfc062723c751e8b465ee728b)
Start importing Assets/Prefabs/Visual Prefabs/Energy 1.prefab using Guid(32f7aa6ba91f08d45a5986ac63c3047e) Importer(815301076,1909f56bfc062723c751e8b465ee728b)  -> (artifact id: '12f1790dde427fc6c0a8dc391f958c13') in 0.072139 seconds 
  Import took 0.079597 seconds .

========================================================================
Received Import Request.
  Time since last request: 1.686051 seconds.
  path: Assets/Prefabs/Visual Prefabs/Deck 1.prefab
  artifactKey: Guid(8db4a41a45e82344c80a9637823b83a4) Importer(815301076,1909f56bfc062723c751e8b465ee728b)
Start importing Assets/Prefabs/Visual Prefabs/Deck 1.prefab using Guid(8db4a41a45e82344c80a9637823b83a4) Importer(815301076,1909f56bfc062723c751e8b465ee728b)  -> (artifact id: '7c4dd1411946ec4c83e331a3d66a1200') in 0.030523 seconds 
  Import took 0.035440 seconds .

========================================================================
Received Import Request.
  Time since last request: 425.224978 seconds.
  path: Assets/Prefabs/Visual Prefabs/Separated Parts
  artifactKey: Guid(8924aedb6360e4d458a03ad5eb2f7b8f) Importer(815301076,1909f56bfc062723c751e8b465ee728b)
Start importing Assets/Prefabs/Visual Prefabs/Separated Parts using Guid(8924aedb6360e4d458a03ad5eb2f7b8f) Importer(815301076,1909f56bfc062723c751e8b465ee728b)  -> (artifact id: 'c23b31361b63139b98dfe4b9454aef9a') in 0.012674 seconds 
  Import took 0.016981 seconds .

========================================================================
Received Import Request.
  Time since last request: 8.458298 seconds.
  path: Assets/Prefabs/Visual Prefabs/Player 1 stuff.prefab
  artifactKey: Guid(1d71d984a59183644bb8cfe05df96054) Importer(815301076,1909f56bfc062723c751e8b465ee728b)
Start importing Assets/Prefabs/Visual Prefabs/Player 1 stuff.prefab using Guid(1d71d984a59183644bb8cfe05df96054) Importer(815301076,1909f56bfc062723c751e8b465ee728b)  -> (artifact id: '08b16af6f50dc80c26014835e23bd1c6') in 0.118611 seconds 
  Import took 0.124396 seconds .

========================================================================
Received Import Request.
  Time since last request: 184.660097 seconds.
  path: Assets/Prefabs/Visual Prefabs/Separated Parts/MP 1.prefab
  artifactKey: Guid(c21197e211e6c95468611c421ff65ae2) Importer(815301076,1909f56bfc062723c751e8b465ee728b)
Start importing Assets/Prefabs/Visual Prefabs/Separated Parts/MP 1.prefab using Guid(c21197e211e6c95468611c421ff65ae2) Importer(815301076,1909f56bfc062723c751e8b465ee728b)  -> (artifact id: 'b82f718362a6cfcfd97feaf54f19e819') in 0.035333 seconds 
  Import took 0.040913 seconds .

========================================================================
Received Import Request.
  Time since last request: 2.315806 seconds.
  path: Assets/Prefabs/Visual Prefabs/Separated Parts/HP Bar 1.prefab
  artifactKey: Guid(3e3a188b9277a234fb9d425b8e31ed95) Importer(815301076,1909f56bfc062723c751e8b465ee728b)
Start importing Assets/Prefabs/Visual Prefabs/Separated Parts/HP Bar 1.prefab using Guid(3e3a188b9277a234fb9d425b8e31ed95) Importer(815301076,1909f56bfc062723c751e8b465ee728b)  -> (artifact id: '1678aa33e6d9d09ee81deb20691b814d') in 0.025596 seconds 
  Import took 0.031747 seconds .

========================================================================
Received Import Request.
  Time since last request: 2.682382 seconds.
  path: Assets/Prefabs/Visual Prefabs/Separated Parts/Hand 1.prefab
  artifactKey: Guid(8d2b459cd02f86d4080f4e5bf9a56b9c) Importer(815301076,1909f56bfc062723c751e8b465ee728b)
Start importing Assets/Prefabs/Visual Prefabs/Separated Parts/Hand 1.prefab using Guid(8d2b459cd02f86d4080f4e5bf9a56b9c) Importer(815301076,1909f56bfc062723c751e8b465ee728b)  -> (artifact id: '265a5675a97554a6f7bdfd7a59efeae0') in 0.027556 seconds 
  Import took 0.031811 seconds .

========================================================================
Received Import Request.
  Time since last request: 949.118530 seconds.
  path: Assets/Prefabs/Visual Prefabs/Separated Parts/HP Bar 2.prefab
  artifactKey: Guid(c9756f582ec408444936599e1f2c080a) Importer(815301076,1909f56bfc062723c751e8b465ee728b)
Start importing Assets/Prefabs/Visual Prefabs/Separated Parts/HP Bar 2.prefab using Guid(c9756f582ec408444936599e1f2c080a) Importer(815301076,1909f56bfc062723c751e8b465ee728b)  -> (artifact id: '37b354d33f765dab65c1d212f7b3f7f3') in 0.018734 seconds 
  Import took 0.022616 seconds .

========================================================================
Received Import Request.
  Time since last request: 189.060159 seconds.
  path: Assets/Prefabs/Visual Prefabs/Player 1 stuff.prefab
  artifactKey: Guid(1d71d984a59183644bb8cfe05df96054) Importer(815301076,1909f56bfc062723c751e8b465ee728b)
Start importing Assets/Prefabs/Visual Prefabs/Player 1 stuff.prefab using Guid(1d71d984a59183644bb8cfe05df96054) Importer(815301076,1909f56bfc062723c751e8b465ee728b)  -> (artifact id: '6a64c1066b4f8d8e7b52a59765486667') in 0.044597 seconds 
  Import took 0.048621 seconds .

========================================================================
Received Import Request.
  Time since last request: 98.104297 seconds.
  path: Assets/Prefabs/Visual Prefabs/Separated Parts/Hand 2.prefab
  artifactKey: Guid(2c5078f7d50baba47b468e03a5ae39ff) Importer(815301076,1909f56bfc062723c751e8b465ee728b)
Start importing Assets/Prefabs/Visual Prefabs/Separated Parts/Hand 2.prefab using Guid(2c5078f7d50baba47b468e03a5ae39ff) Importer(815301076,1909f56bfc062723c751e8b465ee728b)  -> (artifact id: '8528495bb13fc4bb84a465d3b31204cf') in 0.026598 seconds 
  Import took 0.030349 seconds .

========================================================================
Received Import Request.
  Time since last request: 4.095349 seconds.
  path: Assets/Prefabs/Visual Prefabs/Separated Parts/Deck 2.prefab
  artifactKey: Guid(1e1df80825374a04386bc2a1ad184e81) Importer(815301076,1909f56bfc062723c751e8b465ee728b)
Start importing Assets/Prefabs/Visual Prefabs/Separated Parts/Deck 2.prefab using Guid(1e1df80825374a04386bc2a1ad184e81) Importer(815301076,1909f56bfc062723c751e8b465ee728b)  -> (artifact id: '0abd9bf89fcfd6e1e1c4160453a1c536') in 0.024140 seconds 
  Import took 0.028580 seconds .

========================================================================
Received Import Request.
  Time since last request: 3.437058 seconds.
  path: Assets/Prefabs/Visual Prefabs/Separated Parts/Power 2.prefab
  artifactKey: Guid(73256a26ce24f3c458196d0f8e224926) Importer(815301076,1909f56bfc062723c751e8b465ee728b)
Start importing Assets/Prefabs/Visual Prefabs/Separated Parts/Power 2.prefab using Guid(73256a26ce24f3c458196d0f8e224926) Importer(815301076,1909f56bfc062723c751e8b465ee728b)  -> (artifact id: 'e10547860dd05a279d19c99819762135') in 0.026821 seconds 
  Import took 0.030582 seconds .

========================================================================
Received Import Request.
  Time since last request: 2.972371 seconds.
  path: Assets/Prefabs/Visual Prefabs/Separated Parts/MP 2.prefab
  artifactKey: Guid(48f4624dcf3faa346a14122e281866ce) Importer(815301076,1909f56bfc062723c751e8b465ee728b)
Start importing Assets/Prefabs/Visual Prefabs/Separated Parts/MP 2.prefab using Guid(48f4624dcf3faa346a14122e281866ce) Importer(815301076,1909f56bfc062723c751e8b465ee728b)  -> (artifact id: '4eac412275437628834a86eff174de2a') in 0.021797 seconds 
  Import took 0.025914 seconds .

========================================================================
Received Import Request.
  Time since last request: 2.229483 seconds.
  path: Assets/Prefabs/Visual Prefabs/Separated Parts/Energy 2.prefab
  artifactKey: Guid(20bbf53175591e5439e736206c2d7c2d) Importer(815301076,1909f56bfc062723c751e8b465ee728b)
Start importing Assets/Prefabs/Visual Prefabs/Separated Parts/Energy 2.prefab using Guid(20bbf53175591e5439e736206c2d7c2d) Importer(815301076,1909f56bfc062723c751e8b465ee728b)  -> (artifact id: '9a40f1f98dbdb1ddb8c6742c3833e09e') in 0.042503 seconds 
  Import took 0.046646 seconds .

========================================================================
Received Import Request.
  Time since last request: 8.149829 seconds.
  path: Assets/Prefabs/Visual Prefabs/Separated Parts/Character 2.prefab
  artifactKey: Guid(48c41eabd49af924fabe6e027deaf2b4) Importer(815301076,1909f56bfc062723c751e8b465ee728b)
Start importing Assets/Prefabs/Visual Prefabs/Separated Parts/Character 2.prefab using Guid(48c41eabd49af924fabe6e027deaf2b4) Importer(815301076,1909f56bfc062723c751e8b465ee728b)  -> (artifact id: '841c194cbec4fabe59f23633b71c9fe9') in 0.023473 seconds 
  Import took 0.027183 seconds .

========================================================================
Received Import Request.
  Time since last request: 10.695607 seconds.
  path: Assets/Prefabs/Visual Prefabs/Player 2 stuff.prefab
  artifactKey: Guid(ac7ecea5de7dbea478aeca2a2f0b40e5) Importer(815301076,1909f56bfc062723c751e8b465ee728b)
Start importing Assets/Prefabs/Visual Prefabs/Player 2 stuff.prefab using Guid(ac7ecea5de7dbea478aeca2a2f0b40e5) Importer(815301076,1909f56bfc062723c751e8b465ee728b)  -> (artifact id: '12a31a17a89da1d1c6b9a17019eff165') in 0.054109 seconds 
  Import took 0.058622 seconds .

========================================================================
Received Import Request.
  Time since last request: 383.426902 seconds.
  path: Assets/Prefabs/Visual Prefabs/TimerCanvas.prefab
  artifactKey: Guid(b300006f54af9fd45a28b96b2ee48fc6) Importer(815301076,1909f56bfc062723c751e8b465ee728b)
Start importing Assets/Prefabs/Visual Prefabs/TimerCanvas.prefab using Guid(b300006f54af9fd45a28b96b2ee48fc6) Importer(815301076,1909f56bfc062723c751e8b465ee728b)  -> (artifact id: '26cac363a6a1d63ebbabdd6e752d00af') in 0.013641 seconds 
  Import took 0.017465 seconds .

AssetImportWorkerClient::OnTransportError - code=2 error=End of file
